<?xml version="1.0" encoding="UTF-8"?>
<!-- Generated by org.testng.reporters.JUnitXMLReporter -->
<testsuite hostname="saurabh" ignored="0" name="EmployeesRestAPITest" tests="34" failures="7" timestamp="2020-03-15T01:05:24 IST" time="51.285" errors="0">
  <testcase name="captureAllHeaders" time="0.04" classname="com.employeeapi.testcases.TC01_GET_All_Employees"/>
  <testcase name="checkContentEncoding" time="0.14" classname="com.employeeapi.testcases.TC01_GET_All_Employees"/>
  <testcase name="checkContentLength" time="0.003" classname="com.employeeapi.testcases.TC01_GET_All_Employees"/>
  <testcase name="checkContentType" time="0.005" classname="com.employeeapi.testcases.TC01_GET_All_Employees"/>
  <testcase name="checkCookies" time="0.007" classname="com.employeeapi.testcases.TC01_GET_All_Employees"/>
  <testcase name="checkResponseBody" time="0.987" classname="com.employeeapi.testcases.TC01_GET_All_Employees"/>
  <testcase name="checkResponseTime" time="0.003" classname="com.employeeapi.testcases.TC01_GET_All_Employees"/>
  <testcase name="checkServerType" time="0.003" classname="com.employeeapi.testcases.TC01_GET_All_Employees"/>
  <testcase name="checkStatusCode" time="0.01" classname="com.employeeapi.testcases.TC01_GET_All_Employees"/>
  <testcase name="checkStatusLine" time="0.001" classname="com.employeeapi.testcases.TC01_GET_All_Employees"/>
  <testcase name="checkContentLength" time="0.002" classname="com.employeeapi.testcases.TC02_GET_Single_Employee_Record">
    <failure type="java.lang.NumberFormatException" message="null">
      <![CDATA[java.lang.NumberFormatException: null
at java.lang.Integer.parseInt(Unknown Source)
at java.lang.Integer.parseInt(Unknown Source)
at com.employeeapi.testcases.TC02_GET_Single_Employee_Record.checkContentLength(TC02_GET_Single_Employee_Record.java:84)
at java.util.ArrayList.forEach(Unknown Source)
... Removed 30 stack frames]]>
    </failure>
  </testcase> <!-- checkContentLength -->
  <testcase name="checkContentType" time="0.003" classname="com.employeeapi.testcases.TC02_GET_Single_Employee_Record"/>
  <testcase name="checkResponseBody" time="0.062" classname="com.employeeapi.testcases.TC02_GET_Single_Employee_Record"/>
  <testcase name="checkResponseTime" time="0.0" classname="com.employeeapi.testcases.TC02_GET_Single_Employee_Record"/>
  <testcase name="checkServerType" time="0.004" classname="com.employeeapi.testcases.TC02_GET_Single_Employee_Record"/>
  <testcase name="checkStatusCode" time="0.004" classname="com.employeeapi.testcases.TC02_GET_Single_Employee_Record">
    <failure type="java.lang.AssertionError" message="expected [200] but found [404]">
      <![CDATA[java.lang.AssertionError: expected [200] but found [404]
at com.employeeapi.testcases.TC02_GET_Single_Employee_Record.checkStatusCode(TC02_GET_Single_Employee_Record.java:43)
at java.util.ArrayList.forEach(Unknown Source)
... Removed 35 stack frames]]>
    </failure>
  </testcase> <!-- checkStatusCode -->
  <testcase name="checkStatusLine" time="0.0" classname="com.employeeapi.testcases.TC02_GET_Single_Employee_Record">
    <failure type="java.lang.AssertionError" message="expected [HTTP/1.1 200 OK] but found [HTTP/1.1 404 Not Found]">
      <![CDATA[java.lang.AssertionError: expected [HTTP/1.1 200 OK] but found [HTTP/1.1 404 Not Found]
at com.employeeapi.testcases.TC02_GET_Single_Employee_Record.checkStatusLine(TC02_GET_Single_Employee_Record.java:65)
at java.util.ArrayList.forEach(Unknown Source)
... Removed 35 stack frames]]>
    </failure>
  </testcase> <!-- checkStatusLine -->
  <testcase name="captureAllHeaders" time="0.03" classname="com.employeeapi.testcases.TC03_POST_Employee_Record"/>
  <testcase name="checkContentType" time="0.003" classname="com.employeeapi.testcases.TC03_POST_Employee_Record"/>
  <testcase name="checkResponseBody" time="0.003" classname="com.employeeapi.testcases.TC03_POST_Employee_Record"/>
  <testcase name="checkServerType" time="0.002" classname="com.employeeapi.testcases.TC03_POST_Employee_Record"/>
  <testcase name="checkStatusCode" time="0.003" classname="com.employeeapi.testcases.TC03_POST_Employee_Record"/>
  <testcase name="checkStatusLine" time="0.002" classname="com.employeeapi.testcases.TC03_POST_Employee_Record"/>
  <testcase name="checkContentEncoding" time="0.003" classname="com.employeeapi.testcases.TC04_PUT_Employee_Record"/>
  <testcase name="checkContentType" time="0.004" classname="com.employeeapi.testcases.TC04_PUT_Employee_Record"/>
  <testcase name="checkResponseBody" time="0.016" classname="com.employeeapi.testcases.TC04_PUT_Employee_Record">
    <failure type="java.lang.AssertionError" message="expected [true] but found [false]">
      <![CDATA[java.lang.AssertionError: expected [true] but found [false]
at com.employeeapi.testcases.TC04_PUT_Employee_Record.checkResponseBody(TC04_PUT_Employee_Record.java:58)
at java.util.ArrayList.forEach(Unknown Source)
... Removed 35 stack frames]]>
    </failure>
  </testcase> <!-- checkResponseBody -->
  <testcase name="checkServerType" time="0.003" classname="com.employeeapi.testcases.TC04_PUT_Employee_Record"/>
  <testcase name="checkStatusCode" time="0.003" classname="com.employeeapi.testcases.TC04_PUT_Employee_Record">
    <failure type="java.lang.AssertionError" message="expected [200] but found [404]">
      <![CDATA[java.lang.AssertionError: expected [200] but found [404]
at com.employeeapi.testcases.TC04_PUT_Employee_Record.checkStatusCode(TC04_PUT_Employee_Record.java:69)
at java.util.ArrayList.forEach(Unknown Source)
... Removed 35 stack frames]]>
    </failure>
  </testcase> <!-- checkStatusCode -->
  <testcase name="checkStatusLine" time="0.006" classname="com.employeeapi.testcases.TC04_PUT_Employee_Record">
    <failure type="java.lang.AssertionError" message="expected [HTTP/1.1 200 OK] but found [HTTP/1.1 404 Not Found]">
      <![CDATA[java.lang.AssertionError: expected [HTTP/1.1 200 OK] but found [HTTP/1.1 404 Not Found]
at com.employeeapi.testcases.TC04_PUT_Employee_Record.checkStatusLine(TC04_PUT_Employee_Record.java:78)
at java.util.ArrayList.forEach(Unknown Source)
... Removed 35 stack frames]]>
    </failure>
  </testcase> <!-- checkStatusLine -->
  <testcase name="checkContentType" time="0.003" classname="com.employeeapi.testcases.TC05_DELETE_Employee_Record"/>
  <testcase name="checkResponseBody" time="0.003" classname="com.employeeapi.testcases.TC05_DELETE_Employee_Record">
    <failure type="java.lang.AssertionError" message="expected [true] but found [false]">
      <![CDATA[java.lang.AssertionError: expected [true] but found [false]
at com.employeeapi.testcases.TC05_DELETE_Employee_Record.checkResponseBody(TC05_DELETE_Employee_Record.java:46)
at java.util.ArrayList.forEach(Unknown Source)
... Removed 35 stack frames]]>
    </failure>
  </testcase> <!-- checkResponseBody -->
  <testcase name="checkServerType" time="0.002" classname="com.employeeapi.testcases.TC05_DELETE_Employee_Record"/>
  <testcase name="checkStatusCode" time="0.002" classname="com.employeeapi.testcases.TC05_DELETE_Employee_Record"/>
  <testcase name="checkStatusLine" time="0.002" classname="com.employeeapi.testcases.TC05_DELETE_Employee_Record"/>
</testsuite> <!-- EmployeesRestAPITest -->
